/workspace/cross_attn_ato_poc/src/model/encoders/small_transformer.py:245: UserWarning: enable_nested_tensor is True, but self.use_nested_tensor is False because encoder_layer.norm_first was True
  self.encoder = nn.TransformerEncoder(encoder_layer, num_layers=n_layers)
event_only_classifier: trainable params = 5,011,202
train: 20000 examples; eval: 5000 examples
total_steps=1500 lr=0.0001
step     0 loss 1.0123
step   100 loss 0.1795
step   200 loss 0.0011
step   300 loss 0.0006
step   400 loss 0.0001
step   500 loss 0.0000
step   600 loss 0.0001
step   700 loss 0.0000
step   800 loss 0.0000
step   900 loss 0.0000
step  1000 loss 0.0000
step  1100 loss 0.0000
step  1200 loss 0.0000
step  1300 loss 0.0000
step  1400 loss 0.0000
wrote src/auto_research/runs/exp_baseline_event_only/metrics.json
